# JRE version: OpenJDK Runtime Environment Temurin-17.0.8.1+1 (17.0.8.1+1) (build 17.0.8.1+1)
# Java VM: OpenJDK 64-Bit Server VM Temurin-17.0.8.1+1 (17.0.8.1+1, mixed mode, tiered, compressed oops, compressed class ptrs, parallel gc, linux-amd64)
GC Precious Log:
 CPUs: 8 total, 8 available
 Memory: 15413M
 Large Page Support: Disabled
 NUMA Support: Disabled
 Compressed Oops: Enabled (32-bit)
 Alignments: Space 512K, Generation 512K, Heap 2M
 Heap Min Capacity: 100M
 Heap Initial Capacity: 100M
 Heap Max Capacity: 1G
 Pre-touch: Disabled
 Parallel Workers: 8
Heap:
 PSYoungGen      total 17408K, used 9456K [0x00000000eab00000, 0x00000000ec180000, 0x0000000100000000)
  eden space 16384K, 51% used [0x00000000eab00000,0x00000000eb33f2f0,0x00000000ebb00000)
  from space 1024K, 98% used [0x00000000ec000000,0x00000000ec0fcd70,0x00000000ec100000)
  to   space 512K, 0% used [0x00000000ec100000,0x00000000ec100000,0x00000000ec180000)
 ParOldGen       total 104960K, used 96422K [0x00000000c0000000, 0x00000000c6680000, 0x00000000eab00000)
  object space 104960K, 91% used [0x00000000c0000000,0x00000000c5e29a90,0x00000000c6680000)
 Metaspace       used 68804K, committed 70080K, reserved 1114112K
  class space    used 7315K, committed 7872K, reserved 1048576K
GC Heap History (20 events):
Event: 527.094 GC heap before
{Heap before GC invocations=47 (full 4):
 PSYoungGen      total 24576K, used 24139K [0x00000000eab00000, 0x00000000ecf00000, 0x0000000100000000)
  eden space 17408K, 100% used [0x00000000eab00000,0x00000000ebc00000,0x00000000ebc00000)
  from space 7168K, 93% used [0x00000000ebc00000,0x00000000ec292eb0,0x00000000ec300000)
  to   space 9728K, 0% used [0x00000000ec580000,0x00000000ec580000,0x00000000ecf00000)
 ParOldGen       total 104960K, used 66359K [0x00000000c0000000, 0x00000000c6680000, 0x00000000eab00000)
  object space 104960K, 63% used [0x00000000c0000000,0x00000000c40cdf28,0x00000000c6680000)
 Metaspace       used 63945K, committed 65216K, reserved 1114112K
  class space    used 6870K, committed 7424K, reserved 1048576K
}
Event: 527.104 GC heap after
{Heap after GC invocations=47 (full 4):
 PSYoungGen      total 23552K, used 9716K [0x00000000eab00000, 0x00000000ed600000, 0x0000000100000000)
  eden space 13824K, 0% used [0x00000000eab00000,0x00000000eab00000,0x00000000eb880000)
  from space 9728K, 99% used [0x00000000ec580000,0x00000000ecefd200,0x00000000ecf00000)
  to   space 13312K, 0% used [0x00000000eb880000,0x00000000eb880000,0x00000000ec580000)
 ParOldGen       total 104960K, used 68751K [0x00000000c0000000, 0x00000000c6680000, 0x00000000eab00000)
  object space 104960K, 65% used [0x00000000c0000000,0x00000000c4323f28,0x00000000c6680000)
 Metaspace       used 63945K, committed 65216K, reserved 1114112K
  class space    used 6870K, committed 7424K, reserved 1048576K
}
Event: 527.120 GC heap before
{Heap before GC invocations=48 (full 4):
 PSYoungGen      total 23552K, used 23540K [0x00000000eab00000, 0x00000000ed600000, 0x0000000100000000)
  eden space 13824K, 100% used [0x00000000eab00000,0x00000000eb880000,0x00000000eb880000)
  from space 9728K, 99% used [0x00000000ec580000,0x00000000ecefd200,0x00000000ecf00000)
  to   space 13312K, 0% used [0x00000000eb880000,0x00000000eb880000,0x00000000ec580000)
 ParOldGen       total 104960K, used 68751K [0x00000000c0000000, 0x00000000c6680000, 0x00000000eab00000)
  object space 104960K, 65% used [0x00000000c0000000,0x00000000c4323f28,0x00000000c6680000)
 Metaspace       used 63945K, committed 65216K, reserved 1114112K
  class space    used 6870K, committed 7424K, reserved 1048576K
}
Event: 527.127 GC heap after
{Heap after GC invocations=48 (full 4):
 PSYoungGen      total 18944K, used 4704K [0x00000000eab00000, 0x00000000eca00000, 0x0000000100000000)
  eden space 13824K, 0% used [0x00000000eab00000,0x00000000eab00000,0x00000000eb880000)
  from space 5120K, 91% used [0x00000000eb880000,0x00000000ebd18000,0x00000000ebd80000)
  to   space 7680K, 0% used [0x00000000ec280000,0x00000000ec280000,0x00000000eca00000)
 ParOldGen       total 104960K, used 78513K [0x00000000c0000000, 0x00000000c6680000, 0x00000000eab00000)
  object space 104960K, 74% used [0x00000000c0000000,0x00000000c4cac778,0x00000000c6680000)
 Metaspace       used 63945K, committed 65216K, reserved 1114112K
  class space    used 6870K, committed 7424K, reserved 1048576K
}
Event: 527.150 GC heap before
{Heap before GC invocations=49 (full 4):
 PSYoungGen      total 18944K, used 18528K [0x00000000eab00000, 0x00000000eca00000, 0x0000000100000000)
  eden space 13824K, 100% used [0x00000000eab00000,0x00000000eb880000,0x00000000eb880000)
  from space 5120K, 91% used [0x00000000eb880000,0x00000000ebd18000,0x00000000ebd80000)
  to   space 7680K, 0% used [0x00000000ec280000,0x00000000ec280000,0x00000000eca00000)
 ParOldGen       total 104960K, used 78513K [0x00000000c0000000, 0x00000000c6680000, 0x00000000eab00000)
  object space 104960K, 74% used [0x00000000c0000000,0x00000000c4cac778,0x00000000c6680000)
 Metaspace       used 63952K, committed 65216K, reserved 1114112K
  class space    used 6870K, committed 7424K, reserved 1048576K
}
Event: 527.156 GC heap after
{Heap after GC invocations=49 (full 4):
 PSYoungGen      total 23040K, used 6362K [0x00000000eab00000, 0x00000000ec900000, 0x0000000100000000)
  eden space 16384K, 0% used [0x00000000eab00000,0x00000000eab00000,0x00000000ebb00000)
  from space 6656K, 95% used [0x00000000ec280000,0x00000000ec8b6b68,0x00000000ec900000)
  to   space 7168K, 0% used [0x00000000ebb00000,0x00000000ebb00000,0x00000000ec200000)
 ParOldGen       total 104960K, used 83169K [0x00000000c0000000, 0x00000000c6680000, 0x00000000eab00000)
  object space 104960K, 79% used [0x00000000c0000000,0x00000000c5138778,0x00000000c6680000)
 Metaspace       used 63952K, committed 65216K, reserved 1114112K
  class space    used 6870K, committed 7424K, reserved 1048576K
}
Event: 527.208 GC heap before
{Heap before GC invocations=50 (full 4):
 PSYoungGen      total 23040K, used 22746K [0x00000000eab00000, 0x00000000ec900000, 0x0000000100000000)
  eden space 16384K, 100% used [0x00000000eab00000,0x00000000ebb00000,0x00000000ebb00000)
  from space 6656K, 95% used [0x00000000ec280000,0x00000000ec8b6b68,0x00000000ec900000)
  to   space 7168K, 0% used [0x00000000ebb00000,0x00000000ebb00000,0x00000000ec200000)
 ParOldGen       total 104960K, used 83169K [0x00000000c0000000, 0x00000000c6680000, 0x00000000eab00000)
  object space 104960K, 79% used [0x00000000c0000000,0x00000000c5138778,0x00000000c6680000)
 Metaspace       used 63971K, committed 65216K, reserved 1114112K
  class space    used 6872K, committed 7424K, reserved 1048576K
}
Event: 527.212 GC heap after
{Heap after GC invocations=50 (full 4):
 PSYoungGen      total 23552K, used 4649K [0x00000000eab00000, 0x00000000ec900000, 0x0000000100000000)
  eden space 16384K, 0% used [0x00000000eab00000,0x00000000eab00000,0x00000000ebb00000)
  from space 7168K, 64% used [0x00000000ebb00000,0x00000000ebf8a628,0x00000000ec200000)
  to   space 5632K, 0% used [0x00000000ec380000,0x00000000ec380000,0x00000000ec900000)
 ParOldGen       total 104960K, used 89289K [0x00000000c0000000, 0x00000000c6680000, 0x00000000eab00000)
  object space 104960K, 85% used [0x00000000c0000000,0x00000000c5732778,0x00000000c6680000)
 Metaspace       used 63971K, committed 65216K, reserved 1114112K
  class space    used 6872K, committed 7424K, reserved 1048576K
}
Event: 527.256 GC heap before
{Heap before GC invocations=51 (full 4):
 PSYoungGen      total 23552K, used 21033K [0x00000000eab00000, 0x00000000ec900000, 0x0000000100000000)
  eden space 16384K, 100% used [0x00000000eab00000,0x00000000ebb00000,0x00000000ebb00000)
  from space 7168K, 64% used [0x00000000ebb00000,0x00000000ebf8a628,0x00000000ec200000)
  to   space 5632K, 0% used [0x00000000ec380000,0x00000000ec380000,0x00000000ec900000)
 ParOldGen       total 104960K, used 89289K [0x00000000c0000000, 0x00000000c6680000, 0x00000000eab00000)
  object space 104960K, 85% used [0x00000000c0000000,0x00000000c5732778,0x00000000c6680000)
 Metaspace       used 63973K, committed 65216K, reserved 1114112K
  class space    used 6872K, committed 7424K, reserved 1048576K
}
Event: 527.259 GC heap after
{Heap after GC invocations=51 (full 4):
 PSYoungGen      total 17920K, used 1344K [0x00000000eab00000, 0x00000000ec500000, 0x0000000100000000)
  eden space 16384K, 0% used [0x00000000eab00000,0x00000000eab00000,0x00000000ebb00000)
  from space 1536K, 87% used [0x00000000ec380000,0x00000000ec4d0000,0x00000000ec500000)
  to   space 3072K, 0% used [0x00000000ebf00000,0x00000000ebf00000,0x00000000ec200000)
 ParOldGen       total 104960K, used 92337K [0x00000000c0000000, 0x00000000c6680000, 0x00000000eab00000)
  object space 104960K, 87% used [0x00000000c0000000,0x00000000c5a2c778,0x00000000c6680000)
 Metaspace       used 63973K, committed 65216K, reserved 1114112K
  class space    used 6872K, committed 7424K, reserved 1048576K
}
Event: 527.431 GC heap before
{Heap before GC invocations=52 (full 4):
 PSYoungGen      total 17920K, used 17728K [0x00000000eab00000, 0x00000000ec500000, 0x0000000100000000)
  eden space 16384K, 100% used [0x00000000eab00000,0x00000000ebb00000,0x00000000ebb00000)
  from space 1536K, 87% used [0x00000000ec380000,0x00000000ec4d0000,0x00000000ec500000)
  to   space 3072K, 0% used [0x00000000ebf00000,0x00000000ebf00000,0x00000000ec200000)
 ParOldGen       total 104960K, used 92337K [0x00000000c0000000, 0x00000000c6680000, 0x00000000eab00000)
  object space 104960K, 87% used [0x00000000c0000000,0x00000000c5a2c778,0x00000000c6680000)
 Metaspace       used 65207K, committed 66368K, reserved 1114112K
  class space    used 6997K, committed 7488K, reserved 1048576K
}
Event: 527.434 GC heap after
{Heap after GC invocations=52 (full 4):
 PSYoungGen      total 19456K, used 1550K [0x00000000eab00000, 0x00000000ec400000, 0x0000000100000000)
  eden space 16384K, 0% used [0x00000000eab00000,0x00000000eab00000,0x00000000ebb00000)
  from space 3072K, 50% used [0x00000000ebf00000,0x00000000ec083810,0x00000000ec200000)
  to   space 2048K, 0% used [0x00000000ec200000,0x00000000ec200000,0x00000000ec400000)
 ParOldGen       total 104960K, used 93561K [0x00000000c0000000, 0x00000000c6680000, 0x00000000eab00000)
  object space 104960K, 89% used [0x00000000c0000000,0x00000000c5b5e778,0x00000000c6680000)
 Metaspace       used 65207K, committed 66368K, reserved 1114112K
  class space    used 6997K, committed 7488K, reserved 1048576K
}
Event: 527.514 GC heap before
{Heap before GC invocations=53 (full 4):
 PSYoungGen      total 19456K, used 17934K [0x00000000eab00000, 0x00000000ec400000, 0x0000000100000000)
  eden space 16384K, 100% used [0x00000000eab00000,0x00000000ebb00000,0x00000000ebb00000)
  from space 3072K, 50% used [0x00000000ebf00000,0x00000000ec083810,0x00000000ec200000)
  to   space 2048K, 0% used [0x00000000ec200000,0x00000000ec200000,0x00000000ec400000)
 ParOldGen       total 104960K, used 93561K [0x00000000c0000000, 0x00000000c6680000, 0x00000000eab00000)
  object space 104960K, 89% used [0x00000000c0000000,0x00000000c5b5e778,0x00000000c6680000)
 Metaspace       used 65563K, committed 66752K, reserved 1114112K
  class space    used 7033K, committed 7552K, reserved 1048576K
}
Event: 527.516 GC heap after
{Heap after GC invocations=53 (full 4):
 PSYoungGen      total 18432K, used 1705K [0x00000000eab00000, 0x00000000ec400000, 0x0000000100000000)
  eden space 16384K, 0% used [0x00000000eab00000,0x00000000eab00000,0x00000000ebb00000)
  from space 2048K, 83% used [0x00000000ec200000,0x00000000ec3aa738,0x00000000ec400000)
  to   space 2048K, 0% used [0x00000000ec000000,0x00000000ec000000,0x00000000ec200000)
 ParOldGen       total 104960K, used 94947K [0x00000000c0000000, 0x00000000c6680000, 0x00000000eab00000)
  object space 104960K, 90% used [0x00000000c0000000,0x00000000c5cb8d78,0x00000000c6680000)
 Metaspace       used 65563K, committed 66752K, reserved 1114112K
  class space    used 7033K, committed 7552K, reserved 1048576K
}
Event: 527.565 GC heap before
{Heap before GC invocations=54 (full 4):
 PSYoungGen      total 18432K, used 18089K [0x00000000eab00000, 0x00000000ec400000, 0x0000000100000000)
  eden space 16384K, 100% used [0x00000000eab00000,0x00000000ebb00000,0x00000000ebb00000)
  from space 2048K, 83% used [0x00000000ec200000,0x00000000ec3aa738,0x00000000ec400000)
  to   space 2048K, 0% used [0x00000000ec000000,0x00000000ec000000,0x00000000ec200000)
 ParOldGen       total 104960K, used 94947K [0x00000000c0000000, 0x00000000c6680000, 0x00000000eab00000)
  object space 104960K, 90% used [0x00000000c0000000,0x00000000c5cb8d78,0x00000000c6680000)
 Metaspace       used 65576K, committed 66752K, reserved 1114112K
  class space    used 7033K, committed 7552K, reserved 1048576K
}
Event: 527.567 GC heap after
{Heap after GC invocations=54 (full 4):
 PSYoungGen      total 17408K, used 816K [0x00000000eab00000, 0x00000000ec280000, 0x0000000100000000)
  eden space 16384K, 0% used [0x00000000eab00000,0x00000000eab00000,0x00000000ebb00000)
  from space 1024K, 79% used [0x00000000ec000000,0x00000000ec0cc178,0x00000000ec100000)
  to   space 1536K, 0% used [0x00000000ec100000,0x00000000ec100000,0x00000000ec280000)
 ParOldGen       total 104960K, used 95671K [0x00000000c0000000, 0x00000000c6680000, 0x00000000eab00000)
  object space 104960K, 91% used [0x00000000c0000000,0x00000000c5d6df60,0x00000000c6680000)
 Metaspace       used 65576K, committed 66752K, reserved 1114112K
  class space    used 7033K, committed 7552K, reserved 1048576K
}
Event: 527.686 GC heap before
{Heap before GC invocations=55 (full 4):
 PSYoungGen      total 17408K, used 17200K [0x00000000eab00000, 0x00000000ec280000, 0x0000000100000000)
  eden space 16384K, 99% used [0x00000000eab00000,0x00000000ebaffff8,0x00000000ebb00000)
  from space 1024K, 79% used [0x00000000ec000000,0x00000000ec0cc178,0x00000000ec100000)
  to   space 1536K, 0% used [0x00000000ec100000,0x00000000ec100000,0x00000000ec280000)
 ParOldGen       total 104960K, used 95671K [0x00000000c0000000, 0x00000000c6680000, 0x00000000eab00000)
  object space 104960K, 91% used [0x00000000c0000000,0x00000000c5d6df60,0x00000000c6680000)
 Metaspace       used 67449K, committed 68672K, reserved 1114112K
  class space    used 7198K, committed 7744K, reserved 1048576K
}
Event: 527.688 GC heap after
{Heap after GC invocations=55 (full 4):
 PSYoungGen      total 17408K, used 777K [0x00000000eab00000, 0x00000000ec200000, 0x0000000100000000)
  eden space 16384K, 0% used [0x00000000eab00000,0x00000000eab00000,0x00000000ebb00000)
  from space 1024K, 75% used [0x00000000ec100000,0x00000000ec1c2400,0x00000000ec200000)
  to   space 1024K, 0% used [0x00000000ec000000,0x00000000ec000000,0x00000000ec100000)
 ParOldGen       total 104960K, used 95679K [0x00000000c0000000, 0x00000000c6680000, 0x00000000eab00000)
  object space 104960K, 91% used [0x00000000c0000000,0x00000000c5d6ff60,0x00000000c6680000)
 Metaspace       used 67449K, committed 68672K, reserved 1114112K
  class space    used 7198K, committed 7744K, reserved 1048576K
}
Event: 527.783 GC heap before
{Heap before GC invocations=56 (full 4):
 PSYoungGen      total 17408K, used 17157K [0x00000000eab00000, 0x00000000ec200000, 0x0000000100000000)
  eden space 16384K, 99% used [0x00000000eab00000,0x00000000ebaff188,0x00000000ebb00000)
  from space 1024K, 75% used [0x00000000ec100000,0x00000000ec1c2400,0x00000000ec200000)
  to   space 1024K, 0% used [0x00000000ec000000,0x00000000ec000000,0x00000000ec100000)
 ParOldGen       total 104960K, used 95679K [0x00000000c0000000, 0x00000000c6680000, 0x00000000eab00000)
  object space 104960K, 91% used [0x00000000c0000000,0x00000000c5d6ff60,0x00000000c6680000)
 Metaspace       used 68566K, committed 69824K, reserved 1114112K
  class space    used 7292K, committed 7808K, reserved 1048576K
}
Event: 527.785 GC heap after
{Heap after GC invocations=56 (full 4):
 PSYoungGen      total 17408K, used 1011K [0x00000000eab00000, 0x00000000ec180000, 0x0000000100000000)
  eden space 16384K, 0% used [0x00000000eab00000,0x00000000eab00000,0x00000000ebb00000)
  from space 1024K, 98% used [0x00000000ec000000,0x00000000ec0fcd70,0x00000000ec100000)
  to   space 512K, 0% used [0x00000000ec100000,0x00000000ec100000,0x00000000ec180000)
 ParOldGen       total 104960K, used 96422K [0x00000000c0000000, 0x00000000c6680000, 0x00000000eab00000)
  object space 104960K, 91% used [0x00000000c0000000,0x00000000c5e29a90,0x00000000c6680000)
 Metaspace       used 68566K, committed 69824K, reserved 1114112K
  class space    used 7292K, committed 7808K, reserved 1048576K
}

